[2020-04-13T12:10:54.653] [DEBUG] cheese - login => username:admin, password:123456
[2020-04-13T12:10:54.655] [DEBUG] cheese - admin
[2020-04-13T12:11:25.950] [DEBUG] cheese - login => username:admin, password:123456
[2020-04-13T12:11:25.950] [DEBUG] cheese - admin
[2020-04-13T12:47:42.315] [DEBUG] cheese - login => username:admin, password:123456
[2020-04-13T12:47:42.319] [DEBUG] cheese - admin
[2020-04-13T12:49:08.228] [DEBUG] cheese - login => username:admin, password:12345
[2020-04-13T12:49:08.229] [DEBUG] cheese - admin
[2020-04-13T12:49:12.477] [DEBUG] cheese - login => username:admi, password:12345
[2020-04-13T12:49:12.478] [DEBUG] cheese - admi
[2020-04-13T12:53:35.367] [DEBUG] cheese - login => username:admin, password:123456
[2020-04-13T12:53:35.368] [DEBUG] cheese - admin
[2020-04-13T12:53:45.189] [DEBUG] cheese - login => username:admin, password:123456
[2020-04-13T12:53:45.189] [DEBUG] cheese - admin
[2020-04-13T13:04:43.125] [DEBUG] cheese - login => username:admin, password:123456
[2020-04-13T13:04:43.127] [DEBUG] cheese - admin
[2020-04-13T13:11:02.551] [DEBUG] cheese - login => username:admin, password:123456
[2020-04-13T13:11:02.554] [DEBUG] cheese - admin
[2020-04-13T13:11:25.927] [DEBUG] cheese - login => username:admin, password:123456
[2020-04-13T13:11:25.927] [DEBUG] cheese - admin
[2020-04-13T13:14:45.365] [DEBUG] cheese - login => username:admin, password:123456
[2020-04-13T13:14:45.365] [DEBUG] cheese - admin
[2020-04-13T13:18:24.817] [DEBUG] cheese - login => username:admin, password:123456
[2020-04-13T13:18:24.817] [DEBUG] cheese - admin
[2020-04-13T13:18:43.670] [DEBUG] cheese - login => username:admin, password:123456
[2020-04-13T13:18:43.672] [DEBUG] cheese - admin
[2020-04-13T13:18:43.673] [DEBUG] cheese - cccc
